[yoshisonic.xyz/index.html]
[backblue.gif]
[fade.gif]
[index.html]
[cdn.jsdelivr.net/npm/bootstrap@5.3.2/dist/css/bootstrap.min.css]
[cdnjs.cloudflare.com/ajax/libs/font-awesome/6.4.2/css/all.min.css]
[yoshisonic.xyz/assets/images/favicon.png]
[yoshisonic.xyz/assets/images/bg.png]
[yoshisonic.xyz/assets/images/logo_name.png]
[yoshisonic.xyz/assets/images/section1.png]
[yoshisonic.xyz/assets/images/section2.png]
[yoshisonic.xyz/assets/images/roadmap-line.png]
[yoshisonic.xyz/assets/images/section3.png]
[yoshisonic.xyz/assets/images/section4.png]
[cdn.jsdelivr.net/npm/bootstrap@5.3.2/dist/js/bootstrap.bundle.min.js]
[cdn.jsdelivr.net/npm/bootstrap-icons/font/bootstrap-icons.js]
[yoshisonic.xyz/index.html]
[cdn.jsdelivr.net/npm/bootstrap@5.3.2/dist/css/bootstrap.min.css]
[cdnjs.cloudflare.com/ajax/libs/font-awesome/6.4.2/css/all.min.css]
[cdn.jsdelivr.net/npm/bootstrap-icons/font/bootstrap-icons.js]
